<?xml version="1.0" encoding="UTF-8"?>
<!-- Generated by org.testng.reporters.JUnitXMLReporter -->
<testsuite ignored="0" hostname="DESKTOP-JP61GAF" failures="0" tests="3" name="Run_Tests_From_Jenkins_Staging" time="0.164" errors="0" timestamp="2023-07-25T15:59:04 EDT">
  <testcase classname="ProjectBaseClasses.BaseSetup" name="@BeforeClass setup" time="0.066">
    <failure type="java.lang.NullPointerException" message="Cannot invoke &amp;quot;String.equalsIgnoreCase(String)&amp;quot; because &amp;quot;browser&amp;quot; is null">
      <![CDATA[java.lang.NullPointerException: Cannot invoke "String.equalsIgnoreCase(String)" because "browser" is null
at Utilities.DriverFactory.InitDriver(DriverFactory.java:16)
at ProjectBaseClasses.BaseSetup.setup(BaseSetup.java:28)
at java.base/java.util.ArrayList.forEach(ArrayList.java:1511)
... Removed 27 stack frames]]>
    </failure>
  </testcase> <!-- @BeforeClass setup -->
  <testcase classname="TestSuites.Staging_Environment.SwagLabsTestClass01" name="@BeforeMethod initTestModule" time="0.0">
    <skipped/>
  </testcase> <!-- @BeforeMethod initTestModule -->
  <testcase classname="TestSuites.Staging_Environment.SwagLabsTestClass01" name="@BeforeMethod initTestModule" time="0.0">
    <skipped/>
  </testcase> <!-- @BeforeMethod initTestModule -->
  <testcase classname="TestSuites.Staging_Environment.SwagLabsTestClass01" name="@BeforeMethod initTestModule" time="0.0">
    <skipped/>
  </testcase> <!-- @BeforeMethod initTestModule -->
  <testcase classname="ProjectBaseClasses.BaseSetup" name="@AfterClass tearDown" time="0.0">
    <skipped/>
  </testcase> <!-- @AfterClass tearDown -->
  <testcase classname="TestSuites.Staging_Environment.SwagLabsTestClass01" name="A1_verifyHomePageText" time="0.0">
    <skipped/>
  </testcase> <!-- A1_verifyHomePageText -->
  <testcase classname="TestSuites.Staging_Environment.SwagLabsTestClass01" name="A2_loginWithInvalidCredentials" time="0.0">
    <skipped/>
  </testcase> <!-- A2_loginWithInvalidCredentials -->
  <testcase classname="TestSuites.Staging_Environment.SwagLabsTestClass01" name="A3_loginWithvalidCredentials" time="0.0">
    <skipped/>
  </testcase> <!-- A3_loginWithvalidCredentials -->
</testsuite> <!-- Run_Tests_From_Jenkins_Staging -->
